make.exe all --print-data-base --no-builtin-variables --no-builtin-rules --question
# GNU Make 3.82.90
# Built for i686-pc-mingw32
# Copyright (C) 1988-2012 Free Software Foundation, Inc.
# License GPLv3+: GNU GPL version 3 or later <http://gnu.org/licenses/gpl.html>
# This is free software: you are free to change and redistribute it.
# There is NO WARRANTY, to the extent permitted by law.
 

# Make data base, printed on Wed Nov 10 17:05:04 2021

# Variables

# automatic
<D = $(patsubst %/,%,$(patsubst %\,%,$(dir $<)))
# automatic
?F = $(notdir $?)
# default
.SHELLFLAGS := -c
# makefile (from 'makefile', line 18)
OBJ = obj/shape_visitor.o
# makefile (from 'makefile', line 16)
SRC = $(SHAPE) $(ITERATOR)
# makefile
MAKEFLAGS = Rrqp
# environment
VSCODE_LOG_NATIVE = false
# automatic
?D = $(patsubst %/,%,$(patsubst %\,%,$(dir $?)))
# automatic
@D = $(patsubst %/,%,$(patsubst %\,%,$(dir $@)))
# env 
ironment
HOMEDRIVE = C:
# automatic
@F = $(notdir $@)
# automatic
^D = $(patsubst %/,%,$(patsubst %\,%,$(dir $^)))
# makefile
CURDIR := c:/Users/JB/Desktop/110_first/POSD/posd2021f_110598087_HW/history_HW_and_tutorials/HW_Midterm_1
# default
SHELL := sh.exe
# environment
WINDIR = C:\Windows
# environment
VSCODE_NLS_CONFIG = {"locale":"zh-tw","availableLanguages":{},"_languagePackSupport":true}
# environment
ONEDRIVE = C:\Users\JB\OneDrive
# environment
CLIENTNAME = LAPTOP-3RV0QR2F
# environment
PATHEXT = .COM;.EXE;.BAT;.CMD;.VBS;.VBE;.JS;.JSE;.WSF;.WSH;.MSC
# makefile (from 'makefile', line 1)
MAKEFILE_LIST :=  makefile
# environment
TMP = C:\Users\JB\AppData\Local\Temp
# environment
VSCODE_VERBOSE_LOGGING = true
# environment
PROGRAMW6432 = C:\Program Files
# environment
PROGRAMDATA = C:\ProgramData
# environment
VSCODE_IPC_HOOK_EXTHOST = \\.\pipe\vscode-ipc-65fdbbac-3943-476c-a5b7-06c70acaa967-sock
# environment
VSCODE_CWD = C:\Users\JB\Desktop\110_first\POSD\posd2021f_110598087_HW\history_HW_and_tutorials\HW_Midterm_1
# environment
PATH = C:\Windows\system32;C:\Windows;C:\Windows\System32\Wbem;C:\Windows\System32\WindowsPowerShell\v1.0\;C:\Windows\System32\OpenSSH\;C:\Program Files\PuTTY\;C:\Program Files\Git\cmd;C:\MinGW\bin;C:\Users\JB\AppData\Local\Microsoft\WindowsApps;C:\Users\JB\AppData\Local\Programs\Microsoft VS Code\bin
# environment
COMMONPROGRAMW6432 = C:\Program Files\Common Files
# environment
PROCESSOR_ARCHITECTURE = x86
# environment
USERPROFILE = C:\Users\JB
# environment
ALLUSERSPROFILE = C:\ProgramData
# environment
VSCODE_LOG_STACK = false
# environment
NUMBER_OF_PROCESSORS = 8
# environment
ELECTRON_RUN_AS_NODE = 1
# default
.FEATURES := target-specific order-only second-expansion else-if shortest-stem undefine oneshell archives jobserver
# automatic
%F = $(notdir $%)
# environment
CHROME_CRASHPAD_PIPE_NAME = \\.\pipe\crashpad_6408_SZVBANAGKDUOMPTI
# environment
VSCODE_PIPE_LOGGING = true
# environment
COMPUTERNAME = DESKTOP-NKVBO4M
# environment
PROGRAMFILES = C:\Program Files (x86)
# envi 
ronment
DRIVERDATA = C:\Windows\System32\Drivers\DriverData
# environment
ORIGINAL_XDG_CURRENT_DESKTOP = undefined
# environment
USERNAME = JB
# environment
PUBLIC = C:\Users\Public
# environment
VSCODE_AMD_ENTRYPOINT = vs/workbench/services/extensions/node/extensionHostProcess
# environment
VSCODE_CODE_CACHE_PATH = C:\Users\JB\AppData\Roaming\Code\CachedData\f4af3cbf5a99787542e2a30fe1fd37cd644cc31f
# environment
APPLICATION_INSIGHTS_NO_DIAGNOSTIC_CHANNEL = true
# environment
COMMONPROGRAMFILES = C:\Program Files (x86)\Common Files
# environment
LOGONSERVER = \\DESKTOP-NKVBO4M
# environment
VSCODE_HANDLES_UNCAUGHT_ERRORS = true
# environment
USERDOMAIN = DESKTOP-NKVBO4M
# environment
MAKELEVEL := 0
# default
MAKE = $(MAKE_COMMAND)
# default
MAKECMDGOALS := all
# default
MAKE_VERSION := 3.82.90
# makefile
.DEFAULT_GOAL := all
# environment
PROGRAMFILES(X86) = C:\Program Files (x86)
# automatic
%D = $(patsubst %/,%,$(patsubst %\,%,$(dir $%)))
# environment
LOCALAPPDATA = C:\Users\JB\AppData\Local
# environment
PSMODULEPATH = C:\Program Files\WindowsPowerShell\Modules;C:\Windows\system32\WindowsPowerShell\v1.0\Modules
# default
MAKE_COMMAND := make.exe
# environment
PROCESSOR_ARCHITEW6432 = AMD64
# default
.VARIABLES := 
# automatic
*F = $(notdir $*)
# environment
PROCESSOR_IDENTIFIER = Intel64 Family 6 Model 158 Stepping 13, GenuineIntel
# environment
OS = Windows_NT
# environment
VSCODE_IPC_HOOK = \\.\pipe\ca6ab60109bf24a64d9a1b9abde688bf-1.62.1-main-sock
# environment
HOMEPATH = \Users\JB
# environment
COMMONPROGRAMFILES(X86) = C:\Program Files (x86)\Common Files
# environment
PROMPT = $P$G
# environment
MFLAGS = -Rrqp
# automatic
*D = $(patsubst %/,%,$(patsubst %\,%,$(dir $*)))
# environment
SYSTEMROOT = C:\Windows
# automatic
+D = $(patsubst %/,%,$(patsubst %\,%,$(dir $+)))
# automatic
+F = $(notdir $+)
# environment
APPDATA = C:\Users\JB\AppData\Roaming
# environment
TEMP = C:\Users\JB\AppData\Local\Temp
# environment
COMSPEC = C:\Windows\system32\cmd.exe
# default
MAKEFILES := 
# automatic
<F = $(notdir $<)
# environment
LC_ALL = C
# automatic
^F = $(notdir $^)
# default
SUFFIXES := 
# environment
SYSTEMDRIVE = C:
# environment
SESSIONNAME = RDP-Tcp#21
# environment
PROCESSOR_REVISION = 9e0d
# default
.INCLUDE_DIRS = C:/MinGW/include
# default
.RECIPEPREFIX := 
# environment
LANG = C
# environment
PROCESSOR_LEVEL = 6
# environment
VSCODE_PID = 6408
# environment
USERDOMAIN_ROAMINGPROFILE = DESKTOP-NKVBO4M
# variable set hash-table stats:
# Load=92/1024=9%, Rehash=0, Collisions=13/119=11%

# Pattern-specific Var 
iable Values

# No pattern-specific variable values.

# Directories

# C:\Users\JB\AppData\Local\Microsoft\WindowsApps (key C:/Users/JB/AppData/Local/Microsoft/WindowsApps, mtime 1636117378): 15 files, no impossibilities.
# C:\Windows\System32\WindowsPowerShell\v1.0\ (key C:/Windows/System32/WindowsPowerShell/v1.0/, mtime 1631090565): 31 files, no impossibilities.
# . (key c:/Users/JB/Desktop/110_first/POSD/posd2021f_110598087_HW/history_HW_and_tutorials/HW_Midterm_1, mtime 1636531336): 8 files, no impossibilities.
# C:\Users\JB\AppData\Local\Programs\Microsoft VS Code\bin (key C:/Users/JB/AppData/Local/Programs/Microsoft VS Code/bin, mtime 1636531163): 4 files, no impossibilities.
# C:\Program Files\Git\cmd (key C:/Program Files/Git/cmd, mtime 1632901888): 8 files, no impossibilities.
# C:\Windows\System32\OpenSSH\: could not be stat'd.
# C:\MinGW\bin (key C:/MinGW/bin, mtime 1633488672): 128 files, no impossibilities.
# C:\Windows (key C:/Windows, mtime 1634117783): 121 files, no impossibilities.
# C:\Windows\System32\Wbem (key C:/Windows/System32/Wbem, mtime 1634117795): 171 files, no impossibilities.
# C:\Windows\system32 (key C:/Windows/system32, mtime 1634203203): 2843 files, no impossibilities.
# C:\Program Files\PuTTY\ (key C:/Program Files/PuTTY/, mtime 1631251757): 12 files, no impossibilities.

# 3341 files, no impossibilities in 11 directories.

# Implicit Rules

# No implicit rules.

# Files

# Not a target:
test/ut_circle.h:
#  Implicit rule search has not been done.
#  Modification time never checked.
#  File has not been updated.

# Not a target:
src/two_dimensional_vector.h:
#  Implicit rule search has not been done.
#  Modification time never checked.
#  File has not been updated.

# Not a target:
src/visitor.h:
#  Implicit rule search has not been done.
#  Modification time never checked.
#  File has not been updated.

all: directories obj/shape_visitor.o ut_main
#  Command line target.
#  Implicit rule search has been done.
#  File does not exist.
#  File has been updated.
#  Needs to be updated (-q is set).
# variable set hash-table stats:
# Load=0/32=0%, Rehash=0, Collisions=0/3=0%

.PHONY: clean test
#  Implicit rule search has not been done.
#  Modification time never checked.
#  File has not been updated.

# Not a target:
test/iterator.h:
#  Implicit rule search has not been done.
#  Modification time never checked.
#  File has not been updated.

# Not a target:
src/shape_visitor.h:
#  Implicit rule search has not been done.
#  Modification time never checked.
#  File has not been updated.

# Not a target:
.SUFFIXES:
#  Implicit rule search has not been done.
#  Modification time never checked.
#  File has not been updated.

# Not a target:
src/shape_visitor.cpp:
#  Implicit rule search has not been done.
#  Modification time never checked.
#  File has not been updated.

# Not a target:
src/iterator.h:
#  Implicit rule search has not been done.
#  Modification time never checked.
#  File has not been updated.

test: all
#  Phony target (prerequisite of .PHONY).
#  Implicit rule search has not been done.
#  File does not exist.
#  File has not been updated.
#  recipe to execute (from 'makefile', line 33):
	bin/ut_all

# Not a target:
makefile:
#  Implicit rule search has been done.
#  Last modified 2021-11-10 02:19:27
#  File has been updated.
#  Successfully updated.

# Not a target:
src/rectangle.h:
#  Implicit rule search has not been done.
#  Modification time never checked.
#  File has not been updated.

# Not a target:
test/ut_triangle.h:
#  Implicit rule search has not been done.
#  Modification time never checked.
#  File has not been updated.

# Not a target:
test/ut_visitor.h:
#  Implicit rule search has not been done.
#  Modification time never checked.
#  File has not been updated.

# Not a target:
src/triangle.h:
#  Implicit rule search has not been done.
#  Modification time never checked.
#  File has not been updated.

# Not a target:
src/circle.h:
#  Implicit rule search has not been done.
#  Modification time never checked.
#  File has not been updated.

SHAPE: src/shape.h src/rec 
tangle.h src/circle.h src/triangle.h src/two_dimensional_vector.h src/compound_shape.h src/utility.h
#  Implicit rule search has not been done.
#  Modification time never checked.
#  File has not been updated.

VISITOR: src/visitor.h src/shape_visitor.h src/shape_visitor.cpp
#  Implicit rule search has not been done.
#  Modification time never checked.
#  File has not been updated.

TEST: test/ut_rectangle.h test/ut_circle.h test/ut_triangle.h test/ut_two_dimensional_vector.h test/compound_shape.h test/iter 
ator.h test/ut_utility.h test/ut_visitor.h
#  Implicit rule search has not been done.
#  Modification time never checked.
#  File has not been updated.

# Not a target:
test/ut_utility.h:
#  Implicit rule search has not been done.
#  Modification time never checked.
#  File has not been updated.

# Not a target:
.DEFAULT:
#  Implicit rule search has not been done.
#  Modification time never checked.
#  File has not been updated.

ITERATOR: src/iterator.h src/null_iterator.h src/compound_iterator.h
#  Implicit rule search has not been done.
#  Modification time never checked.
#  File has not been updated.

ut_main: test/ut_main.cpp obj/shape_visitor.o
#  Implicit rule search has not been done.
#  Modification time never checked.
#  File has not been updated.
#  recipe to execute (from 'makefile', line 21):
	g++ -std=c++11 -Wfatal-errors test/ut_main.cpp $(OBJ) -o bin/ut_all -lgtest -lpthread

clean:
#  Phony target (prerequisite of .PHONY).
#  Implicit rule search has not been done.
#  File does not exist.
#  File has not been updated.
#  recipe to execute (from 'makefile', line 30):
	rm -rf bin obj
	

# Not a target:
src/null_iterator.h:
#  Implicit rule search has not been done.
#  Modification time never checked.
#  File has not been updated.

# Not a target:
test/ut_rectangle.h:
#  Implicit rule search has not been done.
#  Modification time never checked.
#  File has not been updated.

# Not a target:
test/compound_shape.h:
#  Implicit rule search has not been done.
#  Modification time never checked.
#  File has not been updated.

obj/shape_visitor.o: src/shape_visitor.cpp src/shape_visitor.h
#  Implicit rule search has not been done.
#  Modification time never checked.
#  File has not been updated.
#  recipe to execute (from 'makefile', line 24):
	g++ -std=c++11 -Wfatal-errors -Wall -c src/shape_visitor.cpp -o obj/shape_visitor.o

# Not a target:
src/shape.h:
#  Implicit rule search has not been done.
#  Modification time never checked.
#  File has not been updated.

# Not a target:
src/utility.h:
#  Implicit rule search has not been done.
#  Modification time never checked.
#  File has not been updated.

# Not a target:
src/compound_shape.h:
#  Implicit rule search has not been done.
#  Modification time never checked.
#  File has not been updated.

# Not a target:
test/ut_main.cpp:
#  Implicit rule search has not been done.
#  Modification time never checked.
#  File has not been updated.

directories:
#  Implicit rule search has not been done.
#  Implicit/static pattern stem: ''
#  File does not exist.
#  File has been updated.
#  Needs to be updated (-q is set).
# automatic
# @ := directories
# automatic
# % := 
# automatic
# * := 
# automatic
# + := 
# automatic
# | := 
# automatic
# < := 
# automatic
# ^ := 
# automatic
# ? := 
# variable set hash-table stats:
# Load=8/32=25%, Rehash=0, Collisions=1/11=9%
#  recipe to execute (from 'makefile', line 27):
	mkdir -p bin obj

# Not a target:
src/compound_iterator.h:
#  Implicit rule search has not been done.
#  Modification time never checked.
#  File has not been updated.

# Not a target:
test/ut_two_dimensional_vector.h:
#  Implicit rule search has not been done.
#  Modification time never checked.
#  File has not been updated.

# files hash-table stats:
# Load=36/1024=4%, Rehash=0, Collisions=3/84=4%
# VPATH Search Paths

# No 'vpath' search paths.

# No general ('VPATH' variable) search path.

# strcache buffers: 7 (6) / strings = 3349 / storage = 50257 B / avg = 15 B
# current buf: size = 8174 B / used = 1269 B / count = 76 / avg = 16 B
# other used: total 
 = 42083 B / count = 3273 / avg = 12 B
# other free: total = 56 B / max = 14 B / min = 5 B / avg = 9 B

# strcache performance: lookups = 3412 / hit rate = 1%
# hash-table stats:
# Load=3349/8192=41%, Rehash=0, Collisions=1115/3412=33%
# Finished Make data base on Wed Nov 10 17:05:04 2021

 
