make.exe all --print-data-base --no-builtin-variables --no-builtin-rules --question
# GNU Make 3.82.90
# Built for i686-pc-mingw32
# Copyright (C) 1988-2012 Free Software Foundation, Inc.
# License GPLv3+: GNU GPL version 3 or later <http://gnu.org/licenses/gpl.html>
# This is free software: you are free to change and redistribute it.
# There is NO WARRANTY, to the extent permitted by law.
 

# Make data base, printed on Tue Dec 28 16:44:33 2021

# Variables

# automatic
<D = $(patsubst %/,%,$(patsubst %\,%,$(dir $<)))
# automatic
?F = $(notdir $?)
# default
.SHELLFLAGS := -c
# makefile (from 'makefile', line 16)
SRC = $(SHAPE) $(ITERATOR) $(VISITOR)
# makefile
MAKEFLAGS = Rrqp
# environment
VSCODE_LOG_NATIVE = false
# automatic
?D = $(patsubst %/,%,$(patsubst %\,%,$(dir $?)))
# automatic
@D = $(patsubst %/,%,$(patsubst %\,%,$(dir $@)))
# environment
HOMEDRIVE = C:
# automatic
@F = $(notdir $@) 

# automatic
^D = $(patsubst %/,%,$(patsubst %\,%,$(dir $^)))
# makefile
CURDIR := c:/Users/JB/Desktop/110_first/POSD/posd2021f_110598087_HW/history_HW_and_tutorials/HW4_NML
# default
SHELL := sh.exe
# environment
WINDIR = C:\Windows
# environment
VSCODE_NLS_CONFIG = {"locale":"zh-tw","availableLanguages":{},"_languagePackSupport":true}
# environment
ONEDRIVE = C:\Users\JB\OneDrive
# environment
CLIENTNAME = LAPTOP-3RV0QR2F
# environment
PATHEXT = .COM;.EXE;.BAT;.CMD;.VBS;.VBE;.JS;.JSE;.WSF;.WSH;.MSC
# makefile (from 'makefile', line 1)
MAKEFILE_LIST :=  makefile
# environment
TMP = C:\Users\JB\AppData\Local\Temp
# environment
VSCODE_VERBOSE_LOGGING = true
# environment
PROGRAMW6432 = C:\Program Files
# environment
PROGRAMDATA = C:\ProgramData
# environment
VSCODE_IPC_HOOK_EXTHOST = \\.\pipe\vscode-ipc-d36bebd7-c943-43ed-9ec0-0417aff1f842-sock
# environment
VSCODE_CWD = C:\Users\JB\Desktop\110_first\POSD\posd2021f_110598087_HW\history_HW_and_tutorials\HW4_NML
# environment
PATH = C:\Windows\system32;C:\Windows;C:\Windows\System32\Wbem;C:\Windows\System32\WindowsPowerShell\v1.0\;C:\Windows\System32\OpenSSH\;C:\Program Files\PuTTY\;C:\Program Files\Git\cmd;C:\MinGW\bin;C:\Program Files\nodejs\;C:\Users\JB\AppData\Local\Microsoft\WindowsApps;C:\Users\JB\AppData\Local\Programs\Microsoft VS Code\bin;C:\Program Files\JetBrains\IntelliJ IDEA Community Edition 2021.2.3\bin;;C:\Users\JB\AppData\Roaming\npm
# environment
COMMONPROGRAMW6432 = C:\Program Files\Common Files
# environment
PROCESSOR_ARCHITECTURE = x86
# environment
USERPROFILE = C:\Users\JB
# environment
ALLUSERSPROFILE = C:\ProgramData
# environment
VSCODE_LOG_STACK = false
# environment
NUMBER_OF_PROCESSORS = 8
# environment
ELECTRON_RUN_AS_NODE = 1
# default
.FEATURES := target-specific order-only second-expansion else-if shortest-stem undefine oneshell archives jobserver
# automatic
%F = $(notdir $%)
# environment
CHROME_CRASHPAD_PIPE_NAME = \\.\pipe\crashpad_26432_AXJNEKJXCMIIGFPD
# environment
VSCODE_PIPE_LOGGING = true
# environment
COMPUTERNAME = DESKTOP-NKVBO4M
# environment
PROGRAMFILES = C:\Program Files (x86)
# environment
DRIVERDATA = C:\Windows\System32\Drivers\DriverData
# environment
ORIGINAL_XDG_CURRENT_DESKTOP = undefined
# environment
USERNAME = JB
# environment
PUBLIC = C:\Users\Public
# environment
VSCODE_AMD_ENTRYPOINT = vs/workbench/services/extensions/node/extensionHostProcess
# environment
VSCODE_CODE_CACHE_PATH = C:\Users\JB\AppData\Roaming\Code\CachedData\899d46d82c4c95423fb7e10e68eba52050e30ba3
# environment
APPLICATION_INSIGHTS_NO_DIAGNOSTIC_CHANNEL = true
# environment
COMMONPROGRAMFILES = C:\Program Files (x86)\Common Files
# environment
LOGONSERVER = \\DESKTOP-NKVBO4M
# makefile (from 'makefile', line 8)
SHAPE = src/shape.h src/rectangle.h src/circle.h src/triangle.h src/two_dimensional_vector.h src/compound_shape.h
# makefile (from 'makefile', line 14)
VISITOR = src/visitor/shape_visitor.h src/visitor/shape_info_visitor.h
# environment
VSCODE_HANDLES_UNCAUGHT_ERRORS = true
# environment
USERDOMAIN = DESKTOP-NKVBO4M
# makefile (from 'makefile', line 3)
TEST = test/ut_compound_shape.h test/ut_circle.h test/ut_rectangle.h test/ut_triangle.h test/ut_two_dimensional_vector.h test/iterator/ut_null_iterator.h test/iterator/ut_compound_iterator.h test/visitor/ut_shape_info_visitor.h
# environment
MAKELEVEL := 0
# environment
INTELLIJ IDEA COMMUNITY EDITION = C:\Program Files\JetBrains\IntelliJ IDEA Community Edition 2021.2.3\bin;
# default
MAKE = $(MAKE_COMMAND)
# default
MAKECMDGOALS := all
# makefile (from 'makefile', line 11)
ITERATOR = src/iterator/iterator.h src/iterator/null_iterator.h src/iterator/compound_iterator.h
# default
MAKE_VERSION := 3.82.90
# makefile
.DEFAULT_GOAL := all
# environment
PROGRAMFILES(X86) = C:\Program Files (x86)
# automatic
%D = $(patsubst %/,%,$(patsubst %\,%,$(dir $%)))
# environment
LOCALAPPDATA = C:\Users\JB\AppData\Local
# environment
PSMODULEPATH = C:\Program Files\WindowsPowerShell\Modules;C:\Windows\system32\WindowsPowerShell\v1.0\Modules
# default
MAKE_COMMAND := make.exe
# environment
PROCESSOR_ARCHITEW6432 = AMD64
# default
.VARIABLES := 
# automatic
*F = $(notdir $*)
# environment
PROCESSOR_IDENTIFIER = Intel64 Family 6 Model 158 Stepping 13, GenuineIntel
# environment
OS = Windows_NT
# environment
VSCODE_IPC_HOOK = \\.\pipe\ca6ab60109bf24a64d9a1b9abde688bf-1.63.2-main-sock
# environment
HOMEPATH = \Users\JB
# environment
COMMONPROGRAMFILES(X86) = C:\Program Files (x86)\Common Files
# environment
PROMPT = $P$G
# environment
MFLAGS = -Rrqp
# automatic
*D = $(patsubst %/,%,$(patsubst %\,%,$(dir $*)))
# environment
SYSTEMROOT = C:\Windows
# automatic
+D = $(patsubst %/,%,$(patsubst %\,%,$(dir $+)))
# automatic
+F = $(notdir $+)
# environment
APPDATA = C:\Users\JB\AppData\Roaming
# environment
TEMP = C:\Users\JB\AppData\Local\Temp
# environment
COMSPEC = C:\Windows\system32\cmd.exe
# default
MAKEFILES := 
# automatic
<F = $(notdir $<)
# environment
LC_ALL = C
# automatic
^F = $(notdir $^)
# default
SUFFIXES := 
# environment
SYSTEMDRIVE = C:
# environment
SESSIONNAME = RDP-Tcp#47
# environment
PROCESSOR_REVISION = 9e0d
# default
.INCLUDE_DIRS = C:/MinGW/include
# default
.RECIPEPREFIX := 
# environment
LANG = C
# environment
PROCESSOR_LEVEL = 6
# environment
VSCODE_PID = 26432
# environment
USERDOMAIN_ROAMINGPROFILE = DESKTOP-NKVBO4M
# variable set hash-table stats:
# Load=96/1024=9%, Rehash=0, Collisions=13/123=11%

# Pattern-specific Variable Values

# No pattern-specific variable values.

# Directories

# : could not be stat'd.
# C:\Users\JB\AppData\Local\Microsoft\WindowsApps (key C:/Users/JB/AppData/Local/Microsoft/WindowsApps, mtime 1639461367): 15 files, no impossibilities.
# C:\Windows\System32\WindowsPowerShell\v1.0\ (key C:/Windows/System32/WindowsPowerShell/v1.0/, mtime 1631090565): 31 files, no impossibilities.
# . (key c:/Users/JB/Desktop/110_first/POSD/posd2021f_110598087_HW/history_HW_and_tutorials/HW4_NML, mtime 1640680404): 7 files, no impossibilities.
# C:\Users\JB\AppData\Local\Programs\Microsoft VS Code\bin (key C:/Users/JB/AppData/Local/Programs/Microsoft VS Code/bin, mtime 1639913278): 4 files, no impossibilities.
# C:\Program Files\Git\cmd (key C:/Program Files/Git/cmd, mtime 1632901888): 8 files, no impossibilities.
# C:\Windows\System32\OpenSSH\: could not be stat'd.
# C:\MinGW\bin (key C:/MinGW/bin, mtime 1633488672): 128 files, no impossibilities.
# C:\Windows (key C:/Windows, mtime 1639573280): 122 files, no impossibilities.
# C:\Windows\System32\Wbem (key C:/Windows/System32/Wbem, mtime 1639573291): 171 files, no impossibilities.
# C:\Program Files\JetBrains\IntelliJ IDEA Community Edition 2021.2.3\bin (key C:/Program Files/JetBrains/IntelliJ IDEA Community Edition 2021.2.3/bin, mtime 1638084331): 31 files, no impossibilities.
# C:\Program Files\nodejs\ (key C:/Program Files/nodejs/, mtime 1638164184): 13 files, no impossibilities.
# C:\Windows\system32 (key C:/Windows/system32, mtime 1640669095): 2847 files, no impossibilities.
# C:\Users\JB\AppData\Roaming\npm (key C:/Users/JB/AppData/Roaming/npm, mtime 1638338547): 6 files, no impossibilities.
# C:\Program Files\PuTTY\ (key C:/Program Files/PuTTY/, mtime 1631251757): 12 files, no impossibilities.

# 3395 files, no impossibilities in 15 directories.

# Implicit Rules

# No implicit rules.

# Files

# Not a target:
test/ut_circle.h:
#  Implicit rule search has not been done.
#  Modification time never checked.
#  File has not been updated.

# Not a target:
src/two_dimensional_vector.h:
#  Implicit rule search has not been done.
#  Modification time never checked.
#  File has not been updated.

# Not a target:
src/iterator/null_iterator.h: 

#  Implicit rule search has not been done.
#  Modification time never checked.
#  File has not been updated.

all: directories ut_main
#  Command line target.
#  Implicit rule search has been done.
#  File does not exist.
#  File has been updated.
#  Needs to be updated (-q is set).
# variable set hash-table stats:
# Load=0/32=0%, Rehash=0, Collisions=0/3=0%

.PHONY: clean test
#  Implicit rule search has not been done.
#  Modification time never checked.
#  File has not been updated.

# Not a target:
test/iterator/ut_null_iterator.h:
#  Implicit rule search has not been done.
#  Modification time never checked.
#  File has not been updated.

# Not a target:
.SUFFIXES:
#  Implicit rule search has not been done.
#  Modification time never checked.
#  File has not been updated.

# Not a target:
src/iterator/compound_iterator.h:
#  Implicit rule search has not been done.
#  Modification time never checked.
#  File has not been updated.

test: all
#  Phony target (prerequisite of .PHONY).
#  Implicit rule search has not been done.
#  File does not exist.
#  File has not been updated.
#  recipe to execute (from 'makefile', line 30):
	bin/ut_all

# Not a target:
makefile:
#  Implicit rule search has been done.
#  Last modified 2021-12-01 13:06:41
#  File has been updated.
#  Successfully updated.

# Not a target:
src/rectangle.h:
#  Implicit rule search has not been done.
#  Modification time never checked.
#  File has not been updated.

# Not a target:
test/ut_triangle.h:
#  Implicit rule search has not been done.
#  Modification time never checked.
#  File has not been updated.

# Not a target:
test/ut_compound_shape.h:
#  Implicit rule search has not been done.
#  Modification time never checked.
#  File has not been updated.

# Not a target:
test/visitor/ut_shape_info_visitor.h:
#  Implicit rule search has not been done.
#  Modification time never checked.
#  File has not been updated.

# Not a target:
src/triangle.h:
#  Implicit rule search has not been done.
#  Modification time never checked.
#  File has not been updated.

# Not a target:
src/circle.h:
#  Implicit rule search has not been done.
#  Modification time never checked.
#  File has not been updated.

# Not a target:
src/visitor/shape_visitor.h:
#  Implicit rule search has not been done.
#  Modification time never checked.
#  File has not been updated.

# Not a target:
.DEFAULT:
#  Implicit rule search has not been done.
#  Modification time never checked.
#  File has not been updated.

# Not a target:
src/iterator/iterator.h:
#  Implicit rule search has not been done.
#  Modification time never checked.
#  File has not been updated.

ut_main: test/ut_main.cpp test/ut_compound_shape.h test/ut_circle.h test/ut_rectangle.h test/ut_triangle.h test/ut_two_dimensional_vector.h test/iterator/ut_null_iterator.h test/iterator/ut_compound_iterator.h test/visitor/ut_shape_info_visitor.h src/shape.h src/rectangle.h src/circle.h src/triangle.h src/two_dimensional_vector.h src/compound_shape.h src/iterator/iterator.h src/iterator/null_iterator.h src/iterator/compound_iterator.h src/visitor/shape_visitor.h src/visitor/shape_info_visitor.h
#  Implicit rule search has not been done.
#  Modification time never checked.
#  File has not been updated.
#  recipe to execute (from 'makefile', line 21):
	g++ -std=c++11 -Wfatal-errors test/ut_main.cpp -o bin/ut_all -lgtest -lpthread

clean:
#  Phony target (prerequisite of .PHONY).
#  Implicit rule search has not been done.
#  File does not exist.
#  File has not been updated.
#  recipe to execute (from 'makefile', line 27):
	rm -rf 
 bin
	

# Not a target:
test/ut_rectangle.h:
#  Implicit rule search has not been done.
#  Modification time never checked.
#  File has not been updated.

# Not a target:
test/iterator/ut_compound_iterator.h:
#  Implicit rule search has not been done.
#  Modification time never checked.
#  File has not been updated.

# Not a target:
src/shape.h:
#  Implicit rule search has not been done.
#  Modification time never checked.
#  File has not been updated.

# Not a target:
src/visitor/shape_info_visitor.h:
#  Implicit rule search has not been done.
#  Modification time never checked.
#  File has not been updated.

# Not a target:
src/compound_shape.h:
#  Implicit rule search has not been done.
#  Modification time never checked.
#  File has not been updated.

# Not a target:
test/ut_main.cpp:
#  Implicit rule search has not been done.
#  Modification time never checked.
#  File has not been updated.

directories:
#  Implicit rule search has not been done.
#  Implicit/static pattern stem: ''
#  File does not exist.
#  File has been updated.
#  Needs to be updated (-q is set).
# automatic
# @ := directories
# automatic
# % := 
# automatic
# * := 
# automatic
# + := 
# automatic
# | := 
# automatic
# < := 
# automatic
# ^ := 
# automatic
# ? := 
# variable set hash-table stats:
# Load=8/32=25%, Rehash=0, Collisions=1/11=9%
#  recipe to execute (from 'makefile', line 24):
	mkdir -p bin

# Not a target:
test/ut_two_dimensional_vector.h:
#  Implicit rule search has not been done.
#  Modification time never checked.
#  File has not been updated.

# files hash-table stats:
# Load=29/1024=3%, Rehash=0, Collisions=2/70=3%
# VPATH Search Paths

# No 'vpath' search paths.

# No general ('VPATH' variable) search path.

# strcache buffers: 7 (6) / strings = 3392 / storage = 51023 B / avg = 15 B
# current buf: size = 8174 B / used = 2040 B / count = 121 / avg = 16 B
# other used: total = 42849 B / count = 3271 / avg = 13 B
# other free: total = 61 B / max = 14 B / min = 5 B / avg = 10 B

# strcache performance: lookups = 3454 / hit 
 rate = 1%
# hash-table stats:
# Load=3392/8192=41%, Rehash=0, Collisions=1131/3454=33%
# Finished Make data base on Tue Dec 28 16:44:33 2021

 
