make.exe all --print-data-base --no-builtin-variables --no-builtin-rules --question
# GNU Make 3.82.90
# Built for i686-pc-mingw32
# Copyright (C) 1988-2012 Free Software Foundation, Inc.
# License GPLv3+: GNU GPL version 3 or later <http://gnu.org/licenses/gpl.html>
# This is free software: you are free to change and redistribute it.
# There is NO WARRANTY, to the extent permitted by law.
 

# Make data base, printed on Mon Nov 29 16:08:21 2021

# Variables

# automatic
<D = $(patsubst %/,%,$(patsubst %\,%,$(dir $<)))
# automatic
?F = $(notdir $?)
# default
.SHELLFLAGS := -c
# makefile
MAKEFLAGS = Rrqp
# environment
VSCODE_LOG_NATIVE = false
# automatic
?D = $(patsubst %/,%,$(patsubst %\,%,$(dir $?)))
# automatic
@D = $(patsubst %/,%,$(patsubst %\,%,$(dir $@)))
# environment
HOMEDRIVE = C:
# automatic
@F = $(notdir $@)
# automatic
^D = $(patsubst %/,%,$(patsubst %\,%,$(dir $^)))
# makefile
CURDIR := c:/Users/JB/Desktop/110_first/POSD/posd2021f_110598087_HW/tutorials_and_history/Midterm
# default
SHELL := sh.exe
# environment
WINDIR = C:\Windows
# environment
VSCODE_NLS_CONFIG = {"locale":"zh-tw","availableLanguages":{},"_languagePackSupport":true}
# environment
ONEDRIVE = C:\Users\JB\OneDrive
# environment
PATHEXT = .COM;.EXE;.BAT;.CMD;.VBS;.VBE;.JS;.JSE;.WSF;.WSH;.MSC
# makefile (from 'makefile', line 1)
MAKEFILE_LIST :=  makefile
# environment
TMP = C:\Users\JB\AppData\Local\Temp
# environment
VSCODE_VERBOSE_LOGGING = true
# environment
PROGRAMW6432 = C:\Program Files
# environment
PROGRAMDATA = C:\ProgramData
# environment
VSCODE_IPC_HOOK_EXTHOST = \\.\pipe\vscode-ipc-644c1fe9-4edb-4556-b978-103295da7c74-sock
# environment
VSCODE_CWD = C:\Users\JB\Desktop\110_first\POSD\posd2021f_110598087_HW\tutorials_and_history\Midterm
# environment
PATH = C:\Windows\system32;C:\Windows;C:\Windows\System32\Wbem;C:\Windows\System32\WindowsPowerShell\v1.0\;C:\Windows\System32\OpenSSH\;C:\Program Files\PuTTY\;C:\Program Files\Git\cmd;C:\MinGW\bin;C:\Program Files\nodejs\;C:\Users\JB\AppData\Local\Microsoft\WindowsApps;C:\Users\JB\AppData\Local\Programs\Microsoft VS Code\bin;C:\Program Files\JetBrains\IntelliJ IDEA Community Edition 2021.2.3\bin;;C:\Users\JB\AppData\Roaming\npm
# environment
COMMONPROGRAMW6432 = C:\Program Files\Common Files
# environment
PROCESSOR_ARCHITECTURE = x86
# environment
USERPROFILE = C:\Users\JB
# environment
ALLUSERSPROFILE = C:\ProgramData
# environment
VSCODE_LOG_STACK = false
# environment
NUMBER_OF_PROCESSORS = 8
# environment
ELECTRON_RUN_AS_NODE = 1
# default
.FEATURES := target-specific order-only second-expansion else-if shortest-stem undefine oneshell archives jobserver
# automatic
%F = $(notdir $%)
# environment
CHROME_CRASHPAD_PIPE_NAME = \\.\pipe\crashpad_1448_OWMZNLKYERTJATTL
# environment
VSCODE_PIPE_LOGGING = true
# environment
COMPUTERNAME = DESKTOP-NKVBO4M
# environment
PROGRAMFILES = C:\Program Files (x86)
# environment
DRIVERDATA = C:\Windows\System32\Drivers\DriverData
# environment
ORIGINAL_XDG_CURRENT_DESKTOP = undefined
# environment
USERNAME = JB
# environment
PUBLIC = C:\Users\Public
# environment
VSCODE_AMD_ENTRYPOINT = vs/workbench/services/extensions/node/extensionHostProcess
# environment
VSCODE_CODE_CACHE_PATH = C:\Users\JB\AppData\Roaming\Code\CachedData\ccbaa2d27e38e5afa3e5c21c1c7bef4657064247
# environment
APPLICATION_INSIGHTS_NO_DIAGNOSTIC_CHANNEL = true
# environment
COMMONPROGRAMFILES = C:\Program Files (x86)\Common Files
# environment
LOGONSERVER = \\DESKTOP-NKVBO4M
# environment
VSCODE_HANDLES_UNCAUGHT_ERRORS = true
# environment
USERDOMAIN = DESKTOP-NKVBO4M
# environment
MAKELEVEL := 0
# environment
INTELLIJ IDEA COMMUNITY EDITION = C:\Program Files\JetBrains\IntelliJ IDEA Community Edition 2021.2.3\bin;
# default
MAKE = $(MAKE_COMMAND)
# default
MAKECMDGOALS := all
# default
MAKE_VERSION := 3.82.90
# makefile
.DEFAULT_GOAL := all
# environment
PROGRAMFILES(X86) = C:\Program Files (x86)
# automatic
%D = $(patsubst %/,%,$(patsubst %\,%,$(dir $%)))
# environment
LOCALAPPDATA = C:\Users\JB\AppData\Local
# environment
PSMODULEPATH = C:\Program Files\WindowsPowerShell\Modules;C:\Windows\system32\WindowsPowerShell\v1.0\Modules
# default
MAKE_COMMAND := make.exe
# environment
PROCESSOR_ARCHITEW6432 = AMD64
# default
.VARIABLES := 
# automatic
*F = $(notdir $*)
# environment
PROCESSOR_IDENTIFIER = Intel64 Family 6 Model 158 Stepping 13, GenuineIntel
# environment
OS = Windows_NT
# environment
VSCODE_IPC_HOOK = \\.\pipe\ca6ab60109bf24a64d9a1b9abde688bf-1.62.3-main-sock
# environment
HOMEPATH = \Users\JB
# environment
COMMONPROGRAMFILES(X86) = C:\Program Files (x86)\Common Files
# environment
PROMPT = $P$G
# environment
MFLAGS = -Rrqp
# automatic
*D = $(patsubst %/,%,$(patsubst %\,%,$(dir $*)))
# environment
SYSTEMROOT = C:\Windows
# automatic
+D = $(patsubst %/,%,$(patsubst %\,%,$(dir $+)))
# automatic
+F = $(notdir $+)
# environment
APPDATA = C:\Users\JB\AppData\Roaming
# environment
TEMP = C:\Users\JB\AppData\Local\Temp
# environment
COMSPEC = C:\Windows\system32\cmd.exe
# default
MAKEFILES := 
# automatic
<F = $(notdir $<)
# environment
LC_ALL = C
# automatic
^F = $(notdir $^)
# default
SUFFIXES := 
# environment
SYSTEMDRIVE = C:
# environment
SESSIONNAME = Console
# environment
PROCESSOR_REVISION = 9e0d
# default
.INCLUDE_DIRS = C:/MinGW/include
# default
.RECIPEPREFIX := 
# environment
LANG = C
# environment
PROCESSOR_LEVEL = 6
# environment
VSCODE_PID = 1448
# environment
USERDOMAIN_ROAMINGPROFILE = DESKTOP-NKVBO4M
# variable set hash-table stats:
# Load=90/1024=9%, Rehash=0, Collisions=11/116=9%

# Pattern-specific Variable Values

# No pattern-specific variable values.

# Directories

# : could not be stat'd.
# C:\Users\JB\AppData\Local\Microsoft\WindowsApps (key C:/Users/JB/AppData/Local/Microsoft/WindowsApps, mtime 1637190634): 15 files, no impossibilities.
# C:\Windows\System32\WindowsPowerShell\v1.0\ (key C:/Windows/System32/WindowsPowerShell/v1.0/, mtime 1631090565): 31 files, no impossibilities.
# . (key c:/Users/JB/Desktop/110_first/POSD/posd2021f_110598087_HW/tutorials_and_history/Midterm, mtime 1638098718): 8 files, no impossibilities.
# C:\Users\JB\AppData\Local\Programs\Microsoft VS Code\bin (key C:/Users/JB/AppData/Local/Programs/Microsoft VS Code/bin, mtime 1638098843): 4 files, no impossibilities.
# C:\Program Files\Git\cmd (key C:/Program Files/Git/cmd, mtime 1632901888): 8 files, no impossibilities.
# C:\Windows\System32\OpenSSH\: could not be stat'd.
# C:\MinGW\bin (key C:/MinGW/bin, mtime 1633488672): 128 files, no impossibilities.
# C:\Windows (key C:/Windows, mtime 1636544062): 121 files, no impossibilities.
# C:\Windows\System32\Wbem (key C:/Windows/System32/Wbem, mtime 1636544073): 171 files, no impossibilities.
# C:\Program Files\JetBrains\IntelliJ IDEA Community Edition 2021.2.3\bin (key C:/Program Files/JetBrains/IntelliJ IDEA Community Edition 2021.2.3/bin, mtime 1638084331): 31 files, no impossibilities.
# C:\Program Files\nodejs\ (key C:/Program Files/nodejs/, mtime 1638164184): 13 files, no impossibilities.
# C:\Windows\system32 (key C:/Windows/system32, mtime 1638173216): 2844 files, no impossibilities.
# C:\Users\JB\AppData\Roaming\npm (key C:/Users/JB/AppData/Roaming/npm, mtime 1638164176): 2 files, no impossibilities.
# C:\Program Files\PuTTY\ (key C:/Program Files/PuTTY/, mtime 1631251757): 12 files, no impossibilities.

# 3388 files, no impossibilities in 15 directories.

# Implicit Rules

# No implicit rules.

# Files

# Not a target:
test/ut_circle.h:
#  Implicit rule search has not been done.
#  Modification time never checked.
#  File has not been updated.

SRC:
#  Implicit rule search has not been done.
#  Modification time never checked.
#  File has not been updated.

# Not a target:
src/two_dimensional_vector.h:
#  Implicit rule search has not been done.
#  Modification time never checked.
#  File has not been updated.

all: directories ut_main
#  Command line target.
#  Implicit rule search has been done.
#  File does not exist.
#  File has been updated.
#  Needs to be updated (-q is set).
# variable set hash-table stats:
# Load=0/32=0%, Rehash=0, Collisions=0/3=0%

.PHONY: clean test
#  Implicit rule search has not been done.
#  Modification time never checked.
#  File has not been updated.

# Not a target:
test/iterator.h:
#  Implicit rule search has not been done.
#  Modification time never checked.
#  File has not been updated.

# Not a target:
.SUFFIXES:
#  Implicit rule search has not been done.
#  Modification time never checked.
#  File has not been updated.

# Not a target:
src/iterator.h:
#  Implicit rule search has not been done.
#  Modification time never checked.
#  File has not been updated.

test: all
#  Phony target (prerequisite of .PHONY).
#  Implicit rule search has not been done.
#  File does not exist.
#  File has not been updated.
#  recipe to execute (from 'makefile', line 26):
	bin/ut_all

# Not a target:
makefile:
#  Implicit rule search has been done.
#  Last modified 2021-10-29 12:54:20
#  File has been updated.
#  Successfully updated.

# Not a target:
src/rectangle.h:
#  Implicit rule search has not bee 
n done.
#  Modification time never checked.
#  File has not been updated.

# Not a target:
test/ut_triangle.h:
#  Implicit rule search has not been done.
#  Modification time never checked.
#  File has not been updated.

# Not a target:
src/triangle.h:
#  Implicit rule search has not been done.
#  Modification time never checked.
#  File has not been updated.

# Not a target:
src/circle.h:
#  Implicit rule search has not been done.
#  Modification time never checked.
#  File has not been updated.

SHAPE: src/shape.h src/rectangle.h src/circle.h src/triangle.h src/two_dimensional_vector.h src/compound_shape.h src/utility.h
#  Implicit rule search has not been done.
#  Modification time never checked.
#  File has not been updated.

TEST: test/ut_rectangle.h test/ut_circle.h test/ut_triangle.h test/ut_two_dimensional_vector.h test/compound_shape.h test/iterator.h test/ut_utility.h
#  Implicit rule search has not been done.
#  Modification time never checked.
#  File has not been updated.

# Not a target:
test/ut_utility.h:
#  Implicit rule search has not been done.
#  Modification time never checked.
#  File has not been updated.

# Not a target:
.DEFAULT:
#  Implicit rule search has not been done.
#  Modification time never checked.
#  File has not been updated.

ITERATOR: src/iterator.h src/null_iterator.h src/compound_iterator.h
#  Implicit rule search has not been done.
#  Modification time never checked.
#  File has not been updated.

ut_main: test/ut_main.cpp
#  Implicit rule search has not been done.
#  Modification time never checked.
#  File has not been updated.
#  recipe to execute (from 'makefile', line 17):
	g++ -std=c++11 -Wfatal-errors test/ut_main.cpp -o bin/ut_all -lgtest -lpthread

clean:
#  Phony target (prerequisite of .PHONY).
#  Implicit rule search has not been done.
#  File does not exist.
#  File has not been updated.
#  recipe to execute (from 'makefile', line 23):
	rm -rf bin
	

# Not a target:
src/null_iterator.h:
#  Implicit rule search has not been done.
#  Modification time never checked.
#  File has not been updated.

# Not a target:
test/ut_rectangle.h:
#  Implicit rule search has not been done.
#  Modification time never checked.
#  File has not been updated.

# Not a target:
test/compound_shape.h:
#  Implicit rule search has not been done.
#  Modification time never checked.
#  File has not been updated.

# Not a target:
src/shape.h:
#  Implicit rule search has not been done.
#  Modification time never checked.
#  File has not been updated.

# Not a target:
src/utility.h:
#  Implicit rule search has not been done.
#  Modification time never checked.
#  File has not been updated.

# Not a target:
src/compound_shape.h:
#  Implicit rule search has not been done.
#  Modification time never checked.
#  File has not been updated.

# Not a target:
test/ut_main.cpp:
#  Implicit rule search has not been done.
#  Modification time never checked.
#  File has not been updated.

directories:
#  Implicit rule search has not been done.
#  Implicit/static pattern stem: ''
#  File does not exist.
#  File has been updated.
#  Needs to be updated (-q is set).
# automatic
# @ := directories
# automatic
# % := 
# automatic
# * := 
# automatic
# + := 
# automatic
# | := 
# automatic
# < := 
# automatic
# ^ := 
# automatic
# ? := 
# variable set hash-table stats:
# Load=8/32=25%, Rehash=0, Collisions=1/11=9%
#  recipe to execute (from 'makefile', line 20):
	mkdir -p bin

# Not a target:
src/compound_iterator.h:
#  Implicit rule search has not been done.
#  Modification time never checked.
#  File has not been updated.

# Not a target:
test/ut_two_dimensional_vector.h:
#  Implicit rule search has not been done.
#  Modification time never checked.
#  File has not been updated.

# files hash-table stats:
# Load=31/1024=3%, Rehash=0, Collisions=0/70=0%
# VPATH Search Paths

# No 'vpath' search paths.

# No general ('VPATH' variable) search path.

# strcache buffers: 7 (6) / strings = 3388 / storage = 50842 B / avg = 15 B
# current buf: size = 8174 B / used = 1842 B / count = 116 / avg = 15 B
# other used: total = 42668 B / count = 3272 / avg = 13 B
# other free: total = 44 B / max = 14 B / min = 1 B / avg = 7 B

# strcache performance: lookups = 3453 / hit rate = 1%
# hash-table stats:
# Load=3388/8192=41%, Rehash=0, Collisions=1135/3453=33%
# Finished Make data base on Mon Nov 29 16:08:21 2021

 
