make.exe all --print-data-base --no-builtin-variables --no-builtin-rules --question
# GNU Make 3.82.90
# Built for i686-pc-mingw32
# Copyright (C) 1988-2012 Free Software Foundation, Inc.
# License GPLv3+: GNU GPL version 3 or later <http://gnu.org/licenses/gpl.html>
# This is free software: you are free to change and redistribute it.
# There is NO WARRANTY, to the extent permitted by law.
 

# Make data base, printed on Fri Oct 29 18:01:41 2021

# Variables

# automatic
<D = $(patsubst %/,%,$(patsubst %\,%,$(dir $<)))
# automatic
?F = $(notdir $?)
# default
.SHELLFLAGS := -c
# makefile (from 'makefile', line 4)
SRC = src/circle.h src/rectangle.h src/triangle.h src/shape.h src/two_dimensional_vector.h
# makefile
MAKEFLAGS = Rrqp
# environment
VSCODE_LOG_NATIVE = false
# automatic
?D = $(patsubst %/,%,$(patsubst %\,%,$(dir $?)))
# automatic
@D = $(patsubst %/,%,$(patsubst %\,%,$(dir $@)))
# envi 
ronment
HOMEDRIVE = C:
# automatic
@F = $(notdir $@)
# automatic
^D = $(patsubst %/,%,$(patsubst %\,%,$(dir $^)))
# makefile
CURDIR := c:/Users/JB/Desktop/110_first/POSD/posd2021f_110598087_HW1
# default
SHELL := sh.exe
# environment
WINDIR = C:\Windows
# environment
VSCODE_NLS_CONFIG = {"locale":"zh-tw","availableLanguages":{},"_languagePackSupport":true}
# environment
ONEDRIVE = C:\Users\JB\OneDrive
# environment
PATHEXT = .COM;.EXE;.BAT;.CMD;.VBS;.VBE;.JS;.JSE;.WSF;.WSH;.MSC
# makefile (from 'makefile', line 1)
MAKEFILE_LIST :=  makefile
# environment
TMP = C:\Users\JB\AppData\Local\Temp
# environment
VSCODE_VERBOSE_LOGGING = true
# environment
PROGRAMW6432 = C:\Program Files
# environment
PROGRAMDATA = C:\ProgramData
# environment
VSCODE_IPC_HOOK_EXTHOST = \\.\pipe\vscode-ipc-62f5e590-e142-425b-96e3-5b126d0e0cf6-sock
# environment
VSCODE_CWD = C:\Users\JB\Desktop\110_first\POSD\posd2021f_110598087_HW
# environment
PATH = C:\Windows\system32;C:\Windows;C:\Windows\System32\Wbem;C:\Windows\System32\WindowsPowerShell\v1.0\;C:\Windows\System32\OpenSSH\;C:\Program Files\PuTTY\;C:\Program Files\Git\cmd;C:\MinGW\bin;C:\Users\JB\AppData\Local\Microsoft\WindowsApps;C:\Users\JB\AppData\Local\Programs\Microsoft VS Code\bin
# environment
COMMONPROGRAMW6432 = C:\Program Files\Common Files
# environment
PROCESSOR_ARCHITECTURE = x86
# environment
USERPROFILE = C:\Users\JB
# environment
ALLUSERSPROFILE = C:\ProgramData
# environment
VSCODE_LOG_STACK = false
# environment
NUMBER_OF_PROCESSORS = 8
# environment
ELECTRON_RUN_AS_NODE = 1
# default
.FEATURES := target-specific order-only second-expansion else-if shortest-stem undefine oneshell archives jobserver
# automatic
%F = $(notdir $%)
# environment
CHROME_CRASHPAD_PIPE_NAME = \\.\pipe\crashpad_17928_RTGAVZZNCJTNCXAY
# environment
VSCODE_PIPE_LOGGING = true
# environment
COMPUTERNAME = DESKTOP-NKVBO4M
# environment
PROGRAMFILES = C:\Program Files (x86)
# environment
DRIVERDATA = C:\Windows\System32\Drivers\DriverData
# environment
ORIGINAL_XDG_CURRENT_DESKTOP = undefined
# environment
USERNAME = JB
# environment
PUBLIC = C:\Users\Public
# environment
VSCODE_AMD_ENTRYPOINT = vs/workbench/services/extensions/node/extensionHostProcess
# environment
VSCODE_CODE_CACHE_PATH = C:\Users\JB\AppData\Roaming\Code\CachedData\6cba118ac49a1b88332f312a8f67186f7f3c1643
# environment
APPLICATION_INSIGHTS_NO_DIAGNOSTIC_CHANNEL = true
# environment
COMMONPROGRAMFILES = C:\Program Files (x86)\Common Files
# environment
LOGONSERVER = \\DESKTOP-NKVBO4M
# environment
VSCODE_HANDLES_UNCAUGHT_ERRORS = true
# environment
USERDOMAIN = DESKTOP-NKVBO4M
# makefile (from 'makefile', line 3)
TEST = test/ut_circle.h test/ut_rectangle.h test/ut_triangle.h test/ut_two_dimensional_vector.h 
# environment
MAKELEVEL := 0
# default
MAKE = $(MAKE_COMMAND)
# default
MAKECMDGOALS := all
# default
MAKE_VERSION := 3.82.90
# makefile
.DEFAULT_GOAL := bin/test
# environment
PROGRAMFILES(X86) = C:\Program Files (x86)
# automatic
%D = $(patsubst %/,%,$(patsubst %\,%,$(dir $%)))
# environment
LOCALAPPDATA = C:\Users\JB\AppData\Local
# environment
PSMODULEPATH = C:\Program Files\WindowsPowerShell\Modules;C:\Windows\system32\WindowsPowerShell\v1.0\Modules
# default
MAKE_COMMAND := make.exe
# environment
PROCESSOR_ARCHITEW6432 = AMD64
# default
.VARIABLES := 
# automatic
*F = $(notdir $*)
# environment
PROCESSOR_IDENTIFIER = Intel64 Family 6 Model 158 Stepping 13, GenuineIntel
# environment
OS = Windows_NT
# environment
VSCODE_IPC_HOOK = \\.\pipe\ca6ab60109bf24a64d9a1b9abde688bf-1.61.2-main-sock
# environment
HOMEPATH = \Users\JB
# environment
COMMONPROGRAMFILES(X86) = C:\Program Files (x86)\Common Files
# environment
PROMPT = $P$G
# environment
MFLAGS = -Rrqp
# automatic
*D = $(patsubst %/,%,$(patsubst %\,%,$(dir $*)))
# environment
SYSTEMROOT = C:\Windows
# automatic
+D = $(patsubst %/,%,$(patsubst %\,%,$(dir $+)))
# automatic
+F = $(notdir $+)
# environment
APPDATA = C:\Users\JB\AppData\Roaming
# environment
TEMP = C:\Users\JB\AppData\Local\Temp
# environment
COMSPEC = C:\Windows\system32\cmd.exe
# default
MAKEFILES := 
# automati 
c
<F = $(notdir $<)
# environment
LC_ALL = C
# automatic
^F = $(notdir $^)
# default
SUFFIXES := 
# environment
SYSTEMDRIVE = C:
# environment
SESSIONNAME = Console
# environment
PROCESSOR_REVISION = 9e0d
# default
.INCLUDE_DIRS = C:/MinGW/include
# default
.RECIPEPREFIX := 
# environment
LANG = C
# environment
PROCESSOR_LEVEL = 6
# environment
VSCODE_PID = 17928
# environment
USERDOMAIN_ROAMINGPROFILE = DESKTOP-NKVBO4M
# variable set hash-table stats:
# Load=91/1024=9%, Rehash=0, Collisions=11/112=10%

# Pattern-specific Variable Values

# No pattern-specific variable values.

# Directories

# C:\Users\JB\AppData\Local\Microsoft\WindowsApps (key C:/Users/JB/AppData/Local/Microsoft/WindowsApps, mtime 1635408430): 15 files, no impossibilities.
# C:\Windows\System32\WindowsPowerShell\v1.0\ (key C:/Windows/System32/WindowsPowerShell/v1.0/, mtime 1631090565): 31 files, no impossibilities.
# . (key c:/Users/JB/Desktop/110_first/POSD/posd2021f_110598087_HW1, mtime 1634106369): 9 files, no impossibilities.
# C:\Users\JB\AppData\Local\Programs\Microsoft VS Code\bin (key C:/Users/JB/AppData/Local/Programs/Microsoft VS Code/bin, mtime 1635146261): 4 files, no impossibilities.
# C:\Program Files\Git\cmd (key C:/Program Files/Git/cmd, mtime 1632901888): 8 files, no impossibilities.
# C:\Windows\System32\OpenSSH\: could not be stat'd.
# C:\MinGW\bin (key C:/MinGW/bin, mtime 1633488672): 128 files, no impossibilities.
# C:\Windows (key C:/Windows, mtime 1634117783): 121 files, no impossibilities.
# C:\Windows\System32\Wbem (key C:/Windows/System32/Wbem, mtime 1634117795): 171 files, no impossibilities.
# C:\Windows\system32 (key C:/Windows/system32, mtime 1634203203): 2843 files, no impossibilities.
# C:\Program Files\PuTTY\ (key C:/Program Files/PuTTY/, mtime 1631251757): 12 files, no impossibilities.

# 3342 files, no impossibilities in 11 directories.

# Implicit Rules

# No implicit rules.

# Files

# Not a target:
test/ut_circle.h:
#  Implicit rule search has not been done.
#  Modification time never checked.
#  File has not been updated.

# Not a target:
src/two_dimensional_vector.h:
#  Implicit rule search has not been done.
#  Modification time never checked.
#  File has not been updated.

bin/test: test/ut_main.cpp test/ut_circle.h test/ut_rectangle.h test/ut_triangle.h test/ut_two_dimensional_vector.h src/circle.h src/rectangle.h src/triangle.h src/shape.h src/two_dimensional_vector.h
#  Implicit rule search has not been done.
#  Modification time never checked.
#  File has not been updated.
#  recipe to execute (from 'makefile', line 7):
	g++ -std=c++11 test/ut_main.cpp -o bin/ut_all -lgtest -lpthread

# Not a target:
all:
#  Command line target.
#  Implicit rule search has been done.
#  File does not exist.
#  File has not been updated.

.PHONY: clean
#  Implicit rule search has not been done.
#  Modification time never checked.
#  File has not been updated.

# Not a target:
.SUFFIXES:
#  Implicit rule search has not been done.
#  Modification time never checked.
#  File has not been updated.

# Not a target:
makefile: 

#  Implicit rule search has been done.
#  Last modified 2021-10-06 15:28:03
#  File has been updated.
#  Successfully updated.

# Not a target:
src/rectangle.h:
#  Implicit rule search has not been done.
#  Modification time never checked.
#  File has not been updated.

# Not a target:
test/ut_triangle.h:
#  Implicit rule search has not been done.
#  Modification time never checked.
#  File has not been updated.

# Not a target:
src/triangle.h:
#  Implicit rule search has not been done.
#  Modification time never checked.
#  File has not been updated.

# Not a target:
src/circle.h:
#  Implicit rule search has not been done.
#  Modification time never checked.
#  File has not been updated.

# Not a target:
.DEFAULT:
#  Implicit rule search has not been done.
#  Modification time never checked.
#  File has not been updated.

clean:
#  Phony target (prerequisite of .PHONY).
#  Implicit rule search has not been done.
#  File does not exist.
#  File has not been updated.
#  recipe to execute (from 'makefile', line 10):
	rm -f bin/test

# Not a target:
test/ut_rectangle.h:
#  Implicit rule search has not been done.
#  Modification time never checked.
#  File has not been updated.

# Not a target:
src/shape.h:
#  Implicit rule search has not been done.
#  Modification time never checked.
#  File has not been updated.

# Not a target:
test/ut_main.cpp:
#  Implicit rule search has not been done.
#  Modification time never checked.
#  File has not been updated.

# Not a target:
test/ut_two_dimensional_vector.h:
#  Implicit rule search has not been done.
#  Modification time never checked.
#  File has not been updated.

# files hash-table stats:
# Load=17/1024=2%, Rehash=0, Collisions=0/39=0%
# VPATH Search Paths

# No 'vpath' search paths.

# No general ('VPATH' variable) search path.

# strcache buffers: 7 (6) / strings = 3332 / storage = 49995 B / avg = 15 B
# current buf: size = 8174 B / used = 998 B / count = 59 / avg = 16 B
# other used: total = 41821 B / count = 3273 / avg = 12 B
# other free: total = 47 B / max = 1 
4 B / min = 3 B / avg = 7 B

# strcache performance: lookups = 3376 / hit rate = 1%
# hash-table stats:
# Load=3332/8192=41%, Rehash=0, Collisions=1078/3376=32%
# Finished Make data base on Fri Oct 29 18:01:41 2021

 
make.exe: *** No rule to make target 'all'.  Stop.
 
